15:28:26.082 [main] DEBUG - Save package relationships
15:28:26.096 [main] DEBUG - Save part 'docProps/app.xml'
15:28:26.097 [main] DEBUG - Save part 'docProps/core.xml'
15:28:26.101 [main] DEBUG - Save part 'xl/sharedStrings.xml'
15:28:26.102 [main] DEBUG - Save part 'xl/styles.xml'
15:28:26.102 [main] DEBUG - Save part 'xl/workbook.xml'
15:28:26.105 [main] DEBUG - Save part 'xl/worksheets/sheet1.xml'
15:28:26.107 [main] DEBUG - Save part 'xl/worksheets/sheet2.xml'
15:28:26.107 [main] DEBUG - Save part 'xl/worksheets/sheet3.xml'
15:28:26.755 [main] INFO  - Click on Upcoming Bikes
15:28:27.530 [main] INFO  - Select Honda Bikes from Select Brand DropDown
15:28:28.810 [main] INFO  - click LoadMore
15:28:32.973 [main] INFO  - print the Honda Bikes price under fourLakhs
15:28:34.268 [main] DEBUG - Parsing relationship: /xl/_rels/workbook.xml.rels
15:28:34.271 [main] DEBUG - Parsing relationship: /_rels/.rels
15:28:34.346 [main] TRACE - Resolving type for handle workbookec17doctype
15:28:34.354 [main] TRACE - Resolving type for handle worksheetf539doctype
15:28:34.386 [main] DEBUG - Save content types part
15:28:34.389 [main] DEBUG - Save package relationships
15:28:34.392 [main] DEBUG - Save part 'docProps/app.xml'
15:28:34.392 [main] DEBUG - Save part 'docProps/core.xml'
15:28:34.395 [main] DEBUG - Save part 'xl/sharedStrings.xml'
15:28:34.395 [main] DEBUG - Save part 'xl/styles.xml'
15:28:34.396 [main] DEBUG - Save part 'xl/workbook.xml'
15:28:34.399 [main] DEBUG - Save part 'xl/worksheets/sheet1.xml'
15:28:34.399 [main] DEBUG - Save part 'xl/worksheets/sheet2.xml'
15:28:34.400 [main] DEBUG - Save part 'xl/worksheets/sheet3.xml'
15:28:34.446 [main] DEBUG - Parsing relationship: /xl/_rels/workbook.xml.rels
15:28:34.448 [main] DEBUG - Parsing relationship: /_rels/.rels
15:28:34.489 [main] DEBUG - Save content types part
15:28:34.491 [main] DEBUG - Save package relationships
15:28:34.493 [main] DEBUG - Save part 'docProps/app.xml'
15:28:34.495 [main] DEBUG - Save part 'docProps/core.xml'
