06:18:24.887 [main] DEBUG - Save content types part
06:18:24.893 [main] DEBUG - Save package relationships
06:18:24.895 [main] DEBUG - Save part 'docProps/app.xml'
06:18:24.895 [main] DEBUG - Save part 'docProps/core.xml'
06:18:24.897 [main] DEBUG - Save part 'xl/sharedStrings.xml'
06:18:24.898 [main] DEBUG - Save part 'xl/styles.xml'
06:18:24.898 [main] DEBUG - Save part 'xl/workbook.xml'
06:18:24.900 [main] DEBUG - Save part 'xl/worksheets/sheet1.xml'
06:18:24.900 [main] DEBUG - Save part 'xl/worksheets/sheet2.xml'
06:18:24.900 [main] DEBUG - Save part 'xl/worksheets/sheet3.xml'
06:18:24.980 [main] DEBUG - Parsing relationship: /xl/_rels/workbook.xml.rels
06:18:25.001 [main] DEBUG - Parsing relationship: /_rels/.rels
06:18:25.015 [main] DEBUG - Save content types part
06:18:25.017 [main] DEBUG - Save package relationships
06:18:25.018 [main] DEBUG - Save part 'docProps/app.xml'
06:18:25.018 [main] DEBUG - Save part 'docProps/core.xml'
06:18:25.019 [main] DEBUG - Save part 'xl/sharedStrings.xml'
06:18:25.020 [main] DEBUG - Save part 'xl/styles.xml'
06:18:25.020 [main] DEBUG - Save part 'xl/workbook.xml'
06:18:25.021 [main] DEBUG - Save part 'xl/worksheets/sheet1.xml'
06:18:25.021 [main] DEBUG - Save part 'xl/worksheets/sheet2.xml'
06:18:25.021 [main] DEBUG - Save part 'xl/worksheets/sheet3.xml'
06:18:25.096 [main] DEBUG - Parsing relationship: /xl/_rels/workbook.xml.rels
06:18:25.097 [main] DEBUG - Parsing relationship: /_rels/.rels
06:18:25.121 [main] DEBUG - Save content types part
06:18:25.122 [main] DEBUG - Save package relationships
06:18:25.124 [main] DEBUG - Save part 'docProps/app.xml'
06:18:25.124 [main] DEBUG - Save part 'docProps/core.xml'
06:18:25.125 [main] DEBUG - Save part 'xl/sharedStrings.xml'
06:18:25.125 [main] DEBUG - Save part 'xl/styles.xml'
06:18:25.125 [main] DEBUG - Save part 'xl/workbook.xml'
06:18:25.126 [main] DEBUG - Save part 'xl/worksheets/sheet1.xml'
06:18:25.126 [main] DEBUG - Save part 'xl/worksheets/sheet2.xml'
